0 info it worked if it ends with ok
1 verbose cli [ 'node', '/usr/local/bin/npm', 'search', 'jquery' ]
2 info using npm@2.1.11
3 info using node@v0.10.33
4 verbose node symlink /usr/local/bin/node
5 silly mapToRegistry name -/all
6 silly mapToRegistry using default registry
7 silly mapToRegistry registry https://registry.npmjs.org/
8 silly mapToRegistry uri https://registry.npmjs.org/-/all
9 info updateIndex /Users/liushun/.npm/registry.npmjs.org/-/all/.cache.json
10 warn Building the local index for the first time, please be patient
11 verbose request uri https://registry.npmjs.org/-/all
12 verbose request no auth needed
13 info attempt registry request try #1 at 10:17:46
14 verbose request id f272c0776858eb35
15 http request GET https://registry.npmjs.org/-/all
16 http 200 https://registry.npmjs.org/-/all
17 verbose headers { date: 'Sun, 21 Dec 2014 02:17:51 GMT',
17 verbose headers   server: 'CouchDB/1.5.0 (Erlang OTP/R16B03)',
17 verbose headers   etag: '"997548SEN9H4A5M0QD1H3JD1I"',
17 verbose headers   'content-type': 'application/json',
17 verbose headers   'cache-control': 'max-age=60',
17 verbose headers   'accept-ranges': 'bytes',
17 verbose headers   via: '1.1 varnish',
17 verbose headers   'x-served-by': 'cache-ty67-TYO',
17 verbose headers   'x-cache': 'MISS',
17 verbose headers   'x-cache-hits': '0',
17 verbose headers   'x-timer': 'S1419128271.162044,VS0,VE172',
17 verbose headers   vary: 'Accept',
17 verbose headers   'keep-alive': 'timeout=10, max=50',
17 verbose headers   connection: 'Keep-Alive',
17 verbose headers   'transfer-encoding': 'chunked' }
18 verbose stack Error: [object Object] [object Object]: -/all
18 verbose stack     at CachingRegistryClient.<anonymous> (/usr/local/lib/node_modules/npm/node_modules/npm-registry-client/lib/request.js:242:14)
18 verbose stack     at Request._callback (/usr/local/lib/node_modules/npm/node_modules/npm-registry-client/lib/request.js:172:14)
18 verbose stack     at Request.self.callback (/usr/local/lib/node_modules/npm/node_modules/request/request.js:372:22)
18 verbose stack     at Request.emit (events.js:98:17)
18 verbose stack     at Request.<anonymous> (/usr/local/lib/node_modules/npm/node_modules/request/request.js:1317:14)
18 verbose stack     at Request.emit (events.js:117:20)
18 verbose stack     at IncomingMessage.<anonymous> (/usr/local/lib/node_modules/npm/node_modules/request/request.js:1265:12)
18 verbose stack     at IncomingMessage.emit (events.js:117:20)
18 verbose stack     at _stream_readable.js:943:16
18 verbose stack     at process._tickCallback (node.js:419:13)
19 verbose statusCode 200
20 verbose cwd /Users/liushun/web/patent_process
21 error Darwin 14.0.0
22 error argv "node" "/usr/local/bin/npm" "search" "jquery"
23 error node v0.10.33
24 error npm  v2.1.11
25 error code E200
26 error [object Object] [object Object]: -/all
27 error If you need help, you may report this error at:
27 error     <http://github.com/npm/npm/issues>
28 verbose exit [ 1, true ]
